<?xml version="1.0" encoding="UTF-8"?>
<beans xmlns="http://www.springframework.org/schema/beans"
       xmlns:xsi="http://www.w3.org/2001/XMLSchema-instance"
       xsi:schemaLocation="http://www.springframework.org/schema/beans
       http://www.springframework.org/schema/beans/spring-beans-3.0.xsd">

    <bean id="dataSource" class="org.springframework.jdbc.datasource.SingleConnectionDataSource">
        <property name="driverClassName" value="${db.driver}"/>
        <property name="url" value="${db.url}"/>
        <property name="username" value="${db.user}"/>
        <property name="password" value="${db.password}"/>
        <property name="suppressClose" value="${db.suppress.close}"/>
    </bean>

    <bean id="lobHandler" class="org.springframework.jdbc.support.lob.DefaultLobHandler"/>

    <bean id="namingStrategy" class="org.hibernate.cfg.ImprovedNamingStrategy"/>

    <bean id="sessionFactory"
          class="org.springframework.orm.hibernate3.annotation.AnnotationSessionFactoryBean">
        <property name="dataSource" ref="dataSource"/>
        <property name="packagesToScan" value="com/aciertoteam"/>
        <property name="lobHandler" ref="lobHandler"/>
        <property name="namingStrategy" ref="namingStrategy"/>
        <property name="hibernateProperties">
            <props>
                <prop key="hibernate.cache.region.factory_class">org.hibernate.cache.ehcache.EhCacheRegionFactory</prop>
                <prop key="hibernate.dialect">${hibernate.dialect}</prop>
                <prop key="hibernate.show_sql">${hibernate.show_sql}</prop>
                <prop key="hibernate.format_sql">${hibernate.format_sql}</prop>
                <prop key="hibernate.hbm2ddl.auto">${hibernate.hbm2ddl}</prop>
                <prop key="hibernate.connection.autocommit">${hibernate.autocommit}</prop>
                <prop key="hibernate.connection.pool_size">${hibernate.connection.pool_size}</prop>
                <prop key="hibernate.cache.provider_class">${hibernate.cache_provider}</prop>
                <prop key="hibernate.cache.use_second_level_cache">${hibernate.use_second_level_cache}</prop>
                <prop key="hibernate.cache.use_query_cache">${hibernate.use_query_cache}</prop>
            </props>
        </property>
    </bean>

    <bean id="transactionManagerFactoryBean" class="org.jencks.factory.TransactionManagerFactoryBean"/>

    <bean id="transactionManager" class="org.springframework.orm.hibernate3.HibernateTransactionManager">
        <constructor-arg index="0" ref="sessionFactory"/>
    </bean>

    <bean id="deleteAllOperation" class="org.dbunit.operation.DeleteAllOperation"/>

    <bean id="dataSet" class="org.dbunit.dataset.csv.CsvURLDataSet">
        <constructor-arg index="0" value="${dataset.csv.path}"/>
    </bean>

    <bean id="databaseTester" class="com.aciertoteam.dbunit.HsqlJdbcDatabaseTester">
        <constructor-arg index="0" ref="dataSource"/>
        <property name="tearDownOperation" ref="deleteAllOperation"/>
        <property name="dataSet" ref="dataSet"/>
    </bean>

    <bean id="clock" class="org.mockito.Mockito" factory-method="mock">
        <constructor-arg index="0" value="com.aciertoteam.common.model.Clock"/>
    </bean>

</beans>
